0 info it worked if it ends with ok
1 verbose cli [ '/usr/local/bin/node', '/usr/local/bin/npm', 'publish' ]
2 info using npm@3.10.5
3 info using node@v4.4.2
4 verbose publish [ '.' ]
5 silly cache add args [ '.', null ]
6 verbose cache add spec .
7 silly cache add parsed spec Result {
7 silly cache add   raw: '.',
7 silly cache add   scope: null,
7 silly cache add   escapedName: null,
7 silly cache add   name: null,
7 silly cache add   rawSpec: '.',
7 silly cache add   spec: '/Users/jiangjing/JPO/WorkingSpace/YUAN.npm/yuan-npm-release',
7 silly cache add   type: 'directory' }
8 verbose addLocalDirectory /Users/jiangjing/.npm/yuan-npm-release/0.1.0/package.tgz not in flight; packing
9 verbose correctMkdir /Users/jiangjing/.npm correctMkdir not in flight; initializing
10 info lifecycle yuan-npm-release@0.1.0~prepublish: yuan-npm-release@0.1.0
11 silly lifecycle yuan-npm-release@0.1.0~prepublish: no script for prepublish, continuing
12 verbose tar pack [ '/Users/jiangjing/.npm/yuan-npm-release/0.1.0/package.tgz',
12 verbose tar pack   '/Users/jiangjing/JPO/WorkingSpace/YUAN.npm/yuan-npm-release' ]
13 verbose tarball /Users/jiangjing/.npm/yuan-npm-release/0.1.0/package.tgz
14 verbose folder /Users/jiangjing/JPO/WorkingSpace/YUAN.npm/yuan-npm-release
15 verbose addLocalTarball adding from inside cache /Users/jiangjing/.npm/yuan-npm-release/0.1.0/package.tgz
16 verbose correctMkdir /Users/jiangjing/.npm correctMkdir not in flight; initializing
17 silly cache afterAdd yuan-npm-release@0.1.0
18 verbose afterAdd /Users/jiangjing/.npm/yuan-npm-release/0.1.0/package/package.json not in flight; writing
19 verbose correctMkdir /Users/jiangjing/.npm correctMkdir not in flight; initializing
20 verbose afterAdd /Users/jiangjing/.npm/yuan-npm-release/0.1.0/package/package.json written
21 silly publish { name: 'yuan-npm-release',
21 silly publish   version: '0.1.0',
21 silly publish   description: 'NPM package release tool',
21 silly publish   main: 'index.js',
21 silly publish   scripts: { test: 'echo "Error: no test specified" && exit 1' },
21 silly publish   bin:
21 silly publish    { 'yuan-npm-release': './index.js',
21 silly publish      yupp: './yupp.js',
21 silly publish      ypp: './ypp.js' },
21 silly publish   repository:
21 silly publish    { type: 'git',
21 silly publish      url: 'git+https://github.com/YounGoat/nodejs.npm-release.git' },
21 silly publish   author: { name: 'youngoat@163.com' },
21 silly publish   license: 'MIT',
21 silly publish   bugs: { url: 'https://github.com/YounGoat/nodejs.npm-release/issues' },
21 silly publish   homepage: 'https://github.com/YounGoat/nodejs.npm-release#readme',
21 silly publish   dependencies: { colors: '^1.1.2', minimist: '^1.2.0', semver: '^5.1.0' },
21 silly publish   readme: 'See [CHANGE LOG](./CHANGELOG.md) for notable changes.\n\n#\tYuan-NPM-Release, YUPP\n\nAre you tired with commit, push and publish? When you wanna upgrade your NPM package, this tool will help you finishing all works necessary with only one command.\n\n![help](./doc/help.png)  \nSee [help.txt](./help.txt) if the previous image not downloaded.\n\n##\tAbout yupp.json\n\n*yupp.json* is used to store meta info which is not supported by *package.json* and will be used by *yuan-npm-release*, e.g. package alias. It should be like this:\n```javascript\n{\n\t"name": "yuan-npm-release",\n\t"alias": "yupp"\n}\n```\n\nIf __alais__ set, *yuan-npm-release* will try to publish a renamed copy to NPM registry.\n',
21 silly publish   readmeFilename: 'README.md',
21 silly publish   gitHead: '7f93a600fed1728d22b6d6dc06dc2d84a3a74460',
21 silly publish   _id: 'yuan-npm-release@0.1.0',
21 silly publish   _shasum: '4dca88a343b62b072aadec45ae46f6f669c2af93',
21 silly publish   _from: '.' }
22 verbose getPublishConfig undefined
23 silly mapToRegistry name yuan-npm-release
24 silly mapToRegistry using default registry
25 silly mapToRegistry registry https://registry.npmjs.org/
26 silly mapToRegistry data Result {
26 silly mapToRegistry   raw: 'yuan-npm-release',
26 silly mapToRegistry   scope: null,
26 silly mapToRegistry   escapedName: 'yuan-npm-release',
26 silly mapToRegistry   name: 'yuan-npm-release',
26 silly mapToRegistry   rawSpec: '',
26 silly mapToRegistry   spec: 'latest',
26 silly mapToRegistry   type: 'tag' }
27 silly mapToRegistry uri https://registry.npmjs.org/yuan-npm-release
28 verbose publish registryBase https://registry.npmjs.org/
29 silly publish uploading /Users/jiangjing/.npm/yuan-npm-release/0.1.0/package.tgz
30 verbose request uri https://registry.npmjs.org/yuan-npm-release
31 verbose request sending authorization for write operation
32 info attempt registry request try #1 at 23:29:57
33 verbose request using bearer token for auth
34 verbose request id 2705829fd0ad6ed8
35 http request PUT https://registry.npmjs.org/yuan-npm-release
36 http 403 https://registry.npmjs.org/yuan-npm-release
37 verbose headers { 'content-type': 'application/json',
37 verbose headers   'cache-control': 'max-age=300',
37 verbose headers   'content-length': '95',
37 verbose headers   'accept-ranges': 'bytes',
37 verbose headers   date: 'Fri, 09 Dec 2016 15:30:02 GMT',
37 verbose headers   via: '1.1 varnish',
37 verbose headers   connection: 'keep-alive',
37 verbose headers   'x-served-by': 'cache-ams4422-AMS',
37 verbose headers   'x-cache': 'MISS',
37 verbose headers   'x-cache-hits': '0',
37 verbose headers   'x-timer': 'S1481297399.559231,VS0,VE2899',
37 verbose headers   vary: 'Accept-Encoding' }
38 verbose request invalidating /Users/jiangjing/.npm/registry.npmjs.org/yuan-npm-release on PUT
39 error publish Failed PUT 403
40 verbose stack Error: "You cannot publish over the previously published version 0.1.0." : yuan-npm-release
40 verbose stack     at makeError (/usr/local/lib/node_modules/npm/node_modules/npm-registry-client/lib/request.js:264:12)
40 verbose stack     at CachingRegistryClient.<anonymous> (/usr/local/lib/node_modules/npm/node_modules/npm-registry-client/lib/request.js:252:14)
40 verbose stack     at Request._callback (/usr/local/lib/node_modules/npm/node_modules/npm-registry-client/lib/request.js:172:14)
40 verbose stack     at Request.self.callback (/usr/local/lib/node_modules/npm/node_modules/request/request.js:200:22)
40 verbose stack     at emitTwo (events.js:87:13)
40 verbose stack     at Request.emit (events.js:172:7)
40 verbose stack     at Request.<anonymous> (/usr/local/lib/node_modules/npm/node_modules/request/request.js:1067:10)
40 verbose stack     at emitOne (events.js:82:20)
40 verbose stack     at Request.emit (events.js:169:7)
40 verbose stack     at IncomingMessage.<anonymous> (/usr/local/lib/node_modules/npm/node_modules/request/request.js:988:12)
41 verbose statusCode 403
42 verbose pkgid yuan-npm-release
43 verbose cwd /Users/jiangjing/JPO/WorkingSpace/YUAN.npm/yuan-npm-release
44 error Darwin 16.1.0
45 error argv "/usr/local/bin/node" "/usr/local/bin/npm" "publish"
46 error node v4.4.2
47 error npm  v3.10.5
48 error code E403
49 error "You cannot publish over the previously published version 0.1.0." : yuan-npm-release
50 error If you need help, you may report this error at:
50 error     <https://github.com/npm/npm/issues>
51 verbose exit [ 1, true ]
